<?xml version="1.0" encoding="UTF-8"?>
<testsuite xmlns:xsi="http://www.w3.org/2001/XMLSchema-instance" xsi:noNamespaceSchemaLocation="https://maven.apache.org/surefire/maven-surefire-plugin/xsd/surefire-test-report-3.0.xsd" version="3.0" name="TestSuite" time="15.726" tests="2" errors="0" skipped="0" failures="1">
  <properties>
[...]
</properties>
  <testcase name="loginTest_CorrectCredentials_SuccessfullyLogin" classname="pageObjectsTests.LoginTests" time="4.356"/>
  <testcase name="playlistTest_RenamePlaylist_RenamedPlaylist" classname="pageObjectsTests.PlaylistTests" time="6.499">
    <failure message="(128, 1031) is out of bounds of viewport width (1400) and height (926)&#10;Build info: version: &apos;3.141.59&apos;, revision: &apos;e82be7d358&apos;, time: &apos;2018-11-14T08:17:03&apos;&#10;System info: host: &apos;Murats-Air.home&apos;, ip: &apos;fd4b:8d38:69ba:1:5d1a:cd94:dbbd:be4d%en0&apos;, os.name: &apos;Mac OS X&apos;, os.arch: &apos;x86_64&apos;, os.version: &apos;10.15.7&apos;, java.version: &apos;15&apos;&#10;Driver info: org.openqa.selenium.firefox.FirefoxDriver&#10;Capabilities {acceptInsecureCerts: true, browserName: firefox, browserVersion: 82.0.2, javascriptEnabled: true, moz:accessibilityChecks: false, moz:buildID: 20201027185343, moz:geckodriverVersion: 0.27.0, moz:headless: true, moz:processID: 5617, moz:profile: /var/folders/56/yymvc2y933n..., moz:shutdownTimeout: 60000, moz:useNonSpecCompliantPointerOrigin: false, moz:webdriverClick: true, pageLoadStrategy: normal, platform: MAC, platformName: MAC, platformVersion: 19.6.0, rotatable: false, setWindowRect: true, strictFileInteractability: false, timeouts: {implicit: 0, pageLoad: 300000, script: 30000}, unhandledPromptBehavior: dismiss and notify}&#10;Session ID: 9f8924c2-59a2-9e41-90b3-a3d3e083a10b" type="org.openqa.selenium.interactions.MoveTargetOutOfBoundsException">org.openqa.selenium.interactions.MoveTargetOutOfBoundsException: 
(128, 1031) is out of bounds of viewport width (1400) and height (926)
Build info: version: '3.141.59', revision: 'e82be7d358', time: '2018-11-14T08:17:03'
System info: host: 'Murats-Air.home', ip: 'fd4b:8d38:69ba:1:5d1a:cd94:dbbd:be4d%en0', os.name: 'Mac OS X', os.arch: 'x86_64', os.version: '10.15.7', java.version: '15'
Driver info: org.openqa.selenium.firefox.FirefoxDriver
Capabilities {acceptInsecureCerts: true, browserName: firefox, browserVersion: 82.0.2, javascriptEnabled: true, moz:accessibilityChecks: false, moz:buildID: 20201027185343, moz:geckodriverVersion: 0.27.0, moz:headless: true, moz:processID: 5617, moz:profile: /var/folders/56/yymvc2y933n..., moz:shutdownTimeout: 60000, moz:useNonSpecCompliantPointerOrigin: false, moz:webdriverClick: true, pageLoadStrategy: normal, platform: MAC, platformName: MAC, platformVersion: 19.6.0, rotatable: false, setWindowRect: true, strictFileInteractability: false, timeouts: {implicit: 0, pageLoad: 300000, script: 30000}, unhandledPromptBehavior: dismiss and notify}
Session ID: 9f8924c2-59a2-9e41-90b3-a3d3e083a10b
	at pageObjectsTests.PlaylistTests.playlistTest_RenamePlaylist_RenamedPlaylist(PlaylistTests.java:26)
</failure>
    <system-err><![CDATA[1605156320207	Marionette	INFO	Stopped listening on port 53909
]]></system-err>
  </testcase>
</testsuite>